Using pre-set license
Built from '2020.3/staging' branch; Version is '2020.3.22f1 (e1a7f79fd887) revision 14788599'; Using compiler version '192528614'; Build Type 'Release'
OS: 'Windows 10 Home Single Language; OS build 19042.1348; Version 2009; 64bit' Language: 'en' Physical Memory: 6090 MB
BatchMode: 1, IsHumanControllingUs: 0, StartBugReporterOnCrash: 0, Is64bit: 1, IsPro: 0

COMMAND LINE ARGUMENTS:
C:\Program Files\Unity\Hub\Editor\2020.3.22f1\Editor\Unity.exe
-adb2
-batchMode
-noUpm
-name
AssetImportWorker0
-projectPath
D:/cs222/Lab2/Project_3D_0.1
-logFile
Logs/AssetImportWorker0.log
-srvPort
64256
Successfully changed project path to: D:/cs222/Lab2/Project_3D_0.1
D:/cs222/Lab2/Project_3D_0.1
Using Asset Import Pipeline V2.
Refreshing native plugins compatible for Editor in 201.81 ms, found 2 plugins.
Preloading 0 native plugins for Editor in 0.00 ms.
Initialize engine version: 2020.3.22f1 (e1a7f79fd887)
[Subsystems] Discovering subsystems at path C:/Program Files/Unity/Hub/Editor/2020.3.22f1/Editor/Data/Resources/UnitySubsystems
[Subsystems] Discovering subsystems at path D:/cs222/Lab2/Project_3D_0.1/Assets
GfxDevice: creating device client; threaded=0
Direct3D:
    Version:  Direct3D 11.0 [level 11.1]
    Renderer: AMD Radeon(TM) RX Vega 10 Graphics (ID=0x15d8)
    Vendor:   
    VRAM:     3045 MB
    Driver:   27.20.21034.37
Initialize mono
Mono path[0] = 'C:/Program Files/Unity/Hub/Editor/2020.3.22f1/Editor/Data/Managed'
Mono path[1] = 'C:/Program Files/Unity/Hub/Editor/2020.3.22f1/Editor/Data/MonoBleedingEdge/lib/mono/unityjit'
Mono config path = 'C:/Program Files/Unity/Hub/Editor/2020.3.22f1/Editor/Data/MonoBleedingEdge/etc'
Using monoOptions --debugger-agent=transport=dt_socket,embedding=1,server=y,suspend=n,address=127.0.0.1:56544
Begin MonoManager ReloadAssembly
Registering precompiled unity dll's ...
Register platform support module: C:/Program Files/Unity/Hub/Editor/2020.3.22f1/Editor/Data/PlaybackEngines/WebGLSupport/UnityEditor.WebGL.Extensions.dll
Register platform support module: C:/Program Files/Unity/Hub/Editor/2020.3.22f1/Editor/Data/PlaybackEngines/WindowsStandaloneSupport/UnityEditor.WindowsStandalone.Extensions.dll
Registered in 0.010682 seconds.
Native extension for WindowsStandalone target not found
Native extension for WebGL target not found
Refreshing native plugins compatible for Editor in 194.98 ms, found 2 plugins.
Preloading 0 native plugins for Editor in 0.00 ms.
Mono: successfully reloaded assembly
- Completed reload, in  8.017 seconds
Domain Reload Profiling:
	ReloadAssembly (8018ms)
		BeginReloadAssembly (230ms)
			ExecutionOrderSort (0ms)
			DisableScriptedObjects (0ms)
			BackupInstance (0ms)
			ReleaseScriptingObjects (0ms)
			CreateAndSetChildDomain (3ms)
		EndReloadAssembly (1839ms)
			LoadAssemblies (222ms)
			RebuildTransferFunctionScriptingTraits (0ms)
			SetupTypeCache (650ms)
			ReleaseScriptCaches (0ms)
			RebuildScriptCaches (111ms)
			SetupLoadedEditorAssemblies (682ms)
				LogAssemblyErrors (0ms)
				InitializePlatformSupportModulesInManaged (19ms)
				SetLoadedEditorAssemblies (1ms)
				RefreshPlugins (195ms)
				BeforeProcessingInitializeOnLoad (35ms)
				ProcessInitializeOnLoadAttributes (321ms)
				ProcessInitializeOnLoadMethodAttributes (110ms)
				AfterProcessingInitializeOnLoad (0ms)
				EditorAssembliesLoaded (1ms)
			ExecutionOrderSort2 (0ms)
			AwakeInstancesAfterBackupRestoration (0ms)
Platform modules already initialized, skipping
Registering precompiled user dll's ...
Registered in 0.011701 seconds.
Begin MonoManager ReloadAssembly
Native extension for WindowsStandalone target not found
Native extension for WebGL target not found
Refreshing native plugins compatible for Editor in 187.87 ms, found 2 plugins.
Preloading 0 native plugins for Editor in 0.00 ms.
Mono: successfully reloaded assembly
- Completed reload, in  4.076 seconds
Domain Reload Profiling:
	ReloadAssembly (4079ms)
		BeginReloadAssembly (580ms)
			ExecutionOrderSort (0ms)
			DisableScriptedObjects (18ms)
			BackupInstance (0ms)
			ReleaseScriptingObjects (0ms)
			CreateAndSetChildDomain (71ms)
		EndReloadAssembly (3246ms)
			LoadAssemblies (382ms)
			RebuildTransferFunctionScriptingTraits (0ms)
			SetupTypeCache (843ms)
			ReleaseScriptCaches (2ms)
			RebuildScriptCaches (191ms)
			SetupLoadedEditorAssemblies (1392ms)
				LogAssemblyErrors (0ms)
				InitializePlatformSupportModulesInManaged (19ms)
				SetLoadedEditorAssemblies (1ms)
				RefreshPlugins (188ms)
				BeforeProcessingInitializeOnLoad (268ms)
				ProcessInitializeOnLoadAttributes (852ms)
				ProcessInitializeOnLoadMethodAttributes (37ms)
				AfterProcessingInitializeOnLoad (26ms)
				EditorAssembliesLoaded (1ms)
			ExecutionOrderSort2 (0ms)
			AwakeInstancesAfterBackupRestoration (27ms)
Platform modules already initialized, skipping
========================================================================
Worker process is ready to serve import requests
Launched and connected shader compiler UnityShaderCompiler.exe after 0.19 seconds
Refreshing native plugins compatible for Editor in 1.09 ms, found 2 plugins.
Preloading 0 native plugins for Editor in 0.00 ms.
Unloading 2934 Unused Serialized files (Serialized files now loaded: 0)
System memory in use before: 136.4 MB.
System memory in use after: 136.6 MB.

Unloading 20 unused Assets to reduce memory usage. Loaded Objects now: 3379.
Total: 6.606900 ms (FindLiveObjects: 0.483800 ms CreateObjectMapping: 0.174500 ms MarkObjects: 5.797600 ms  DeleteObjects: 0.149200 ms)

AssetImportParameters requested are different than current active one (requested -> active):
  custom:framework-win-MediaFoundation: 216162199b28c13a410421893ffa2e32 -> 
  custom:video-decoder-ogg-theora: a1e56fd34408186e4bbccfd4996cb3dc -> 
  custom:container-muxer-webm: aa71ff27fc2769a1b78a27578f13a17b -> 
  custom:container-demuxer-webm: 4f35f7cbe854078d1ac9338744f61a02 -> 
  custom:container-demuxer-ogg: 62fdf1f143b41e24485cea50d1cbac27 -> 
  custom:video-encoder-webm-vp8: eb34c28f22e8b96e1ab97ce403110664 -> 
  custom:video-decoder-webm-vp8: 9c59270c3fd7afecdb556c50c9e8de78 -> 
  custom:audio-decoder-ogg-vorbis: bf7c407c2cedff20999df2af8eb42d56 -> 
  custom:audio-encoder-webm-vorbis: bf7c407c2cedff20999df2af8eb42d56 -> 
========================================================================
Received Import Request.
  path: Assets/myShader/water2color.mat
  artifactKey: Guid(f394e598c0dc64a44bb5fa0938a0d12b) Importer(815301076,1909f56bfc062723c751e8b465ee728b)
Start importing Assets/myShader/water2color.mat using Guid(f394e598c0dc64a44bb5fa0938a0d12b) Importer(815301076,1909f56bfc062723c751e8b465ee728b)  -> (artifact id: '44b1f536936171db2db85df58b9f8218') in 0.398752 seconds 
  Import took 0.443890 seconds .

========================================================================
Received Import Request.
  Time since last request: 564.417034 seconds.
  path: Assets/myShader/movement.mat
  artifactKey: Guid(e4595dc4ddc60e1458b8ea4f685ac8bd) Importer(815301076,1909f56bfc062723c751e8b465ee728b)
Start importing Assets/myShader/movement.mat using Guid(e4595dc4ddc60e1458b8ea4f685ac8bd) Importer(815301076,1909f56bfc062723c751e8b465ee728b)  -> (artifact id: '780fd0f7c0f020b9ad6ee14d822db21a') in 0.051795 seconds 
  Import took 0.083774 seconds .

========================================================================
Received Import Request.
  Time since last request: 123.302258 seconds.
  path: Assets/myShader/movement.mat
  artifactKey: Guid(e4595dc4ddc60e1458b8ea4f685ac8bd) Importer(815301076,1909f56bfc062723c751e8b465ee728b)
Start importing Assets/myShader/movement.mat using Guid(e4595dc4ddc60e1458b8ea4f685ac8bd) Importer(815301076,1909f56bfc062723c751e8b465ee728b)  -> (artifact id: '3643791753d8748396ed9c1edbbf82dc') in 0.049860 seconds 
  Import took 0.069768 seconds .

========================================================================
Received Import Request.
  Time since last request: 47.824567 seconds.
  path: Assets/myShader/movement.shadersubgraph
  artifactKey: Guid(ae43acff0288d0d428873de20e6a365d) Importer(815301076,1909f56bfc062723c751e8b465ee728b)
Start importing Assets/myShader/movement.shadersubgraph using Guid(ae43acff0288d0d428873de20e6a365d) Importer(815301076,1909f56bfc062723c751e8b465ee728b)  -> (artifact id: 'a57e5de2eab087659001f7de733ced83') in 0.059142 seconds 
  Import took 0.107703 seconds .

========================================================================
Received Import Request.
  Time since last request: 698.867899 seconds.
  path: Assets/myShader/movement.mat
  artifactKey: Guid(e4595dc4ddc60e1458b8ea4f685ac8bd) Importer(815301076,1909f56bfc062723c751e8b465ee728b)
Start importing Assets/myShader/movement.mat using Guid(e4595dc4ddc60e1458b8ea4f685ac8bd) Importer(815301076,1909f56bfc062723c751e8b465ee728b)  -> (artifact id: '0093619f83fb02017f2866326977d7ac') in 0.088896 seconds 
  Import took 0.098061 seconds .

========================================================================
Received Import Request.
  Time since last request: 66.206146 seconds.
  path: Assets/myShader/waterMovemant.mat
  artifactKey: Guid(95e2e775d34ed8a44bb483b988e0ad5b) Importer(815301076,1909f56bfc062723c751e8b465ee728b)
Start importing Assets/myShader/waterMovemant.mat using Guid(95e2e775d34ed8a44bb483b988e0ad5b) Importer(815301076,1909f56bfc062723c751e8b465ee728b)  -> (artifact id: 'c5d3485673b880a17185305d0cecc7c9') in 0.050548 seconds 
  Import took 0.074510 seconds .

========================================================================
Received Import Request.
  Time since last request: 27.994740 seconds.
  path: Assets/myShader/waterMovemant.mat
  artifactKey: Guid(95e2e775d34ed8a44bb483b988e0ad5b) Importer(815301076,1909f56bfc062723c751e8b465ee728b)
Start importing Assets/myShader/waterMovemant.mat using Guid(95e2e775d34ed8a44bb483b988e0ad5b) Importer(815301076,1909f56bfc062723c751e8b465ee728b)  -> (artifact id: '079859cdac91f6e1b10c9db9a56d2471') in 0.071413 seconds 
  Import took 0.104736 seconds .

========================================================================
Received Prepare
Registering precompiled user dll's ...
Registered in 0.023896 seconds.
Begin MonoManager ReloadAssembly
Native extension for WindowsStandalone target not found
Native extension for WebGL target not found
Refreshing native plugins compatible for Editor in 0.88 ms, found 2 plugins.
Preloading 0 native plugins for Editor in 0.00 ms.
Mono: successfully reloaded assembly
- Completed reload, in  1.795 seconds
Domain Reload Profiling:
	ReloadAssembly (1795ms)
		BeginReloadAssembly (196ms)
			ExecutionOrderSort (0ms)
			DisableScriptedObjects (10ms)
			BackupInstance (0ms)
			ReleaseScriptingObjects (0ms)
			CreateAndSetChildDomain (60ms)
		EndReloadAssembly (1489ms)
			LoadAssemblies (153ms)
			RebuildTransferFunctionScriptingTraits (0ms)
			SetupTypeCache (546ms)
			ReleaseScriptCaches (1ms)
			RebuildScriptCaches (59ms)
			SetupLoadedEditorAssemblies (484ms)
				LogAssemblyErrors (0ms)
				InitializePlatformSupportModulesInManaged (10ms)
				SetLoadedEditorAssemblies (1ms)
				RefreshPlugins (1ms)
				BeforeProcessingInitializeOnLoad (105ms)
				ProcessInitializeOnLoadAttributes (345ms)
				ProcessInitializeOnLoadMethodAttributes (11ms)
				AfterProcessingInitializeOnLoad (11ms)
				EditorAssembliesLoaded (0ms)
			ExecutionOrderSort2 (0ms)
			AwakeInstancesAfterBackupRestoration (23ms)
Platform modules already initialized, skipping
Refreshing native plugins compatible for Editor in 0.86 ms, found 2 plugins.
Preloading 0 native plugins for Editor in 0.00 ms.
Unloading 2825 Unused Serialized files (Serialized files now loaded: 0)
System memory in use before: 135.3 MB.
System memory in use after: 135.5 MB.

Unloading 15 unused Assets to reduce memory usage. Loaded Objects now: 3462.
Total: 6.770300 ms (FindLiveObjects: 0.486900 ms CreateObjectMapping: 0.162700 ms MarkObjects: 6.084200 ms  DeleteObjects: 0.034600 ms)

AssetImportParameters requested are different than current active one (requested -> active):
  custom:framework-win-MediaFoundation: 216162199b28c13a410421893ffa2e32 -> 
  custom:video-decoder-ogg-theora: a1e56fd34408186e4bbccfd4996cb3dc -> 
  custom:container-muxer-webm: aa71ff27fc2769a1b78a27578f13a17b -> 
  custom:container-demuxer-webm: 4f35f7cbe854078d1ac9338744f61a02 -> 
  custom:container-demuxer-ogg: 62fdf1f143b41e24485cea50d1cbac27 -> 
  custom:video-encoder-webm-vp8: eb34c28f22e8b96e1ab97ce403110664 -> 
  custom:video-decoder-webm-vp8: 9c59270c3fd7afecdb556c50c9e8de78 -> 
  custom:audio-decoder-ogg-vorbis: bf7c407c2cedff20999df2af8eb42d56 -> 
  custom:audio-encoder-webm-vorbis: bf7c407c2cedff20999df2af8eb42d56 -> 
========================================================================
Received Import Request.
  Time since last request: 399.055366 seconds.
  path: Assets/myShader/waterMovemant.shadersubgraph
  artifactKey: Guid(f0155d05b3a791040b252a9778248df8) Importer(815301076,1909f56bfc062723c751e8b465ee728b)
Start importing Assets/myShader/waterMovemant.shadersubgraph using Guid(f0155d05b3a791040b252a9778248df8) Importer(815301076,1909f56bfc062723c751e8b465ee728b)  -> (artifact id: '6b2ce2ffad7283ef2b987e725999946f') in 0.039155 seconds 
  Import took 0.142641 seconds .

========================================================================
Received Import Request.
  Time since last request: 243.664331 seconds.
  path: Assets/myShader/water2color/water2color.shadersubgraph
  artifactKey: Guid(42188e79d516ac24a83d5fc734647776) Importer(815301076,1909f56bfc062723c751e8b465ee728b)
Start importing Assets/myShader/water2color/water2color.shadersubgraph using Guid(42188e79d516ac24a83d5fc734647776) Importer(815301076,1909f56bfc062723c751e8b465ee728b)  -> (artifact id: '4b6b20f31ad6c8c2ce76d94cfe1cf44d') in 0.016498 seconds 
  Import took 0.055540 seconds .

========================================================================
Received Import Request.
  Time since last request: 690.469946 seconds.
  path: Assets/myShader/water3movecolor.mat
  artifactKey: Guid(8d7a5a756f811454e99d0c5a92f43372) Importer(815301076,1909f56bfc062723c751e8b465ee728b)
Start importing Assets/myShader/water3movecolor.mat using Guid(8d7a5a756f811454e99d0c5a92f43372) Importer(815301076,1909f56bfc062723c751e8b465ee728b)  -> (artifact id: '0074562638335c6d49189f76de884a1c') in 0.273623 seconds 
  Import took 0.284707 seconds .

========================================================================
Received Prepare
Registering precompiled user dll's ...
Registered in 0.008587 seconds.
Begin MonoManager ReloadAssembly
Native extension for WindowsStandalone target not found
Native extension for WebGL target not found
Refreshing native plugins compatible for Editor in 0.80 ms, found 2 plugins.
Preloading 0 native plugins for Editor in 0.00 ms.
Mono: successfully reloaded assembly
- Completed reload, in  1.607 seconds
Domain Reload Profiling:
	ReloadAssembly (1608ms)
		BeginReloadAssembly (192ms)
			ExecutionOrderSort (0ms)
			DisableScriptedObjects (13ms)
			BackupInstance (0ms)
			ReleaseScriptingObjects (0ms)
			CreateAndSetChildDomain (60ms)
		EndReloadAssembly (1302ms)
			LoadAssemblies (135ms)
			RebuildTransferFunctionScriptingTraits (0ms)
			SetupTypeCache (450ms)
			ReleaseScriptCaches (2ms)
			RebuildScriptCaches (66ms)
			SetupLoadedEditorAssemblies (452ms)
				LogAssemblyErrors (0ms)
				InitializePlatformSupportModulesInManaged (8ms)
				SetLoadedEditorAssemblies (1ms)
				RefreshPlugins (1ms)
				BeforeProcessingInitializeOnLoad (89ms)
				ProcessInitializeOnLoadAttributes (323ms)
				ProcessInitializeOnLoadMethodAttributes (14ms)
				AfterProcessingInitializeOnLoad (16ms)
				EditorAssembliesLoaded (0ms)
			ExecutionOrderSort2 (0ms)
			AwakeInstancesAfterBackupRestoration (23ms)
Platform modules already initialized, skipping
Refreshing native plugins compatible for Editor in 0.87 ms, found 2 plugins.
Preloading 0 native plugins for Editor in 0.00 ms.
Unloading 2824 Unused Serialized files (Serialized files now loaded: 0)
System memory in use before: 135.6 MB.
System memory in use after: 135.8 MB.

Unloading 15 unused Assets to reduce memory usage. Loaded Objects now: 3501.
Total: 6.775100 ms (FindLiveObjects: 0.457700 ms CreateObjectMapping: 0.147900 ms MarkObjects: 6.134500 ms  DeleteObjects: 0.032800 ms)

AssetImportParameters requested are different than current active one (requested -> active):
  custom:framework-win-MediaFoundation: 216162199b28c13a410421893ffa2e32 -> 
  custom:video-decoder-ogg-theora: a1e56fd34408186e4bbccfd4996cb3dc -> 
  custom:container-muxer-webm: aa71ff27fc2769a1b78a27578f13a17b -> 
  custom:container-demuxer-webm: 4f35f7cbe854078d1ac9338744f61a02 -> 
  custom:container-demuxer-ogg: 62fdf1f143b41e24485cea50d1cbac27 -> 
  custom:video-encoder-webm-vp8: eb34c28f22e8b96e1ab97ce403110664 -> 
  custom:video-decoder-webm-vp8: 9c59270c3fd7afecdb556c50c9e8de78 -> 
  custom:audio-decoder-ogg-vorbis: bf7c407c2cedff20999df2af8eb42d56 -> 
  custom:audio-encoder-webm-vorbis: bf7c407c2cedff20999df2af8eb42d56 -> 
========================================================================
Received Prepare
Registering precompiled user dll's ...
Registered in 0.006828 seconds.
Begin MonoManager ReloadAssembly
Native extension for WindowsStandalone target not found
Native extension for WebGL target not found
Refreshing native plugins compatible for Editor in 0.71 ms, found 2 plugins.
Preloading 0 native plugins for Editor in 0.00 ms.
Mono: successfully reloaded assembly
- Completed reload, in  1.698 seconds
Domain Reload Profiling:
	ReloadAssembly (1699ms)
		BeginReloadAssembly (161ms)
			ExecutionOrderSort (0ms)
			DisableScriptedObjects (8ms)
			BackupInstance (0ms)
			ReleaseScriptingObjects (0ms)
			CreateAndSetChildDomain (52ms)
		EndReloadAssembly (1429ms)
			LoadAssemblies (141ms)
			RebuildTransferFunctionScriptingTraits (0ms)
			SetupTypeCache (480ms)
			ReleaseScriptCaches (3ms)
			RebuildScriptCaches (69ms)
			SetupLoadedEditorAssemblies (481ms)
				LogAssemblyErrors (0ms)
				InitializePlatformSupportModulesInManaged (8ms)
				SetLoadedEditorAssemblies (1ms)
				RefreshPlugins (1ms)
				BeforeProcessingInitializeOnLoad (96ms)
				ProcessInitializeOnLoadAttributes (344ms)
				ProcessInitializeOnLoadMethodAttributes (17ms)
				AfterProcessingInitializeOnLoad (13ms)
				EditorAssembliesLoaded (1ms)
			ExecutionOrderSort2 (0ms)
			AwakeInstancesAfterBackupRestoration (32ms)
Platform modules already initialized, skipping
Refreshing native plugins compatible for Editor in 0.70 ms, found 2 plugins.
Preloading 0 native plugins for Editor in 0.00 ms.
Unloading 2823 Unused Serialized files (Serialized files now loaded: 0)
System memory in use before: 135.4 MB.
System memory in use after: 135.6 MB.

Unloading 15 unused Assets to reduce memory usage. Loaded Objects now: 3503.
Total: 6.117600 ms (FindLiveObjects: 0.452000 ms CreateObjectMapping: 0.109700 ms MarkObjects: 5.519400 ms  DeleteObjects: 0.034300 ms)

AssetImportParameters requested are different than current active one (requested -> active):
  custom:framework-win-MediaFoundation: 216162199b28c13a410421893ffa2e32 -> 
  custom:video-decoder-ogg-theora: a1e56fd34408186e4bbccfd4996cb3dc -> 
  custom:container-muxer-webm: aa71ff27fc2769a1b78a27578f13a17b -> 
  custom:container-demuxer-webm: 4f35f7cbe854078d1ac9338744f61a02 -> 
  custom:container-demuxer-ogg: 62fdf1f143b41e24485cea50d1cbac27 -> 
  custom:video-encoder-webm-vp8: eb34c28f22e8b96e1ab97ce403110664 -> 
  custom:video-decoder-webm-vp8: 9c59270c3fd7afecdb556c50c9e8de78 -> 
  custom:audio-decoder-ogg-vorbis: bf7c407c2cedff20999df2af8eb42d56 -> 
  custom:audio-encoder-webm-vorbis: bf7c407c2cedff20999df2af8eb42d56 -> 
========================================================================
Received Import Request.
  Time since last request: 1619.571397 seconds.
  path: Assets/myShader/Form Control.shadergraph
  artifactKey: Guid(5f3be80f7a2246a4797a370feb6c9d5e) Importer(815301076,1909f56bfc062723c751e8b465ee728b)
Start importing Assets/myShader/Form Control.shadergraph using Guid(5f3be80f7a2246a4797a370feb6c9d5e) Importer(815301076,1909f56bfc062723c751e8b465ee728b)  -> (artifact id: '993cee741391fb08ca2a578d0d65e128') in 0.045191 seconds 
  Import took 0.146056 seconds .

========================================================================
Received Import Request.
  Time since last request: 772.669675 seconds.
  path: Assets/myShader/waterMovemant/waterMovemant.mat
  artifactKey: Guid(95e2e775d34ed8a44bb483b988e0ad5b) Importer(815301076,1909f56bfc062723c751e8b465ee728b)
Start importing Assets/myShader/waterMovemant/waterMovemant.mat using Guid(95e2e775d34ed8a44bb483b988e0ad5b) Importer(815301076,1909f56bfc062723c751e8b465ee728b)  -> (artifact id: 'fad5a6b56a05de9ee106dde8c941ac1c') in 0.266668 seconds 
  Import took 0.431209 seconds .

========================================================================
Received Import Request.
  Time since last request: 57.525263 seconds.
  path: Assets/myShader/waterMovemant/waterMovemant.shadersubgraph
  artifactKey: Guid(f0155d05b3a791040b252a9778248df8) Importer(815301076,1909f56bfc062723c751e8b465ee728b)
Start importing Assets/myShader/waterMovemant/waterMovemant.shadersubgraph using Guid(f0155d05b3a791040b252a9778248df8) Importer(815301076,1909f56bfc062723c751e8b465ee728b)  -> (artifact id: 'fdc37d9f86db4bd06de1b117745c3f6f') in 0.010734 seconds 
  Import took 0.139787 seconds .

========================================================================
Received Import Request.
  Time since last request: 5.316989 seconds.
  path: Assets/myShader/waterMovemant/waterMovemant.shadersubgraph
  artifactKey: Guid(f0155d05b3a791040b252a9778248df8) Importer(815301076,1909f56bfc062723c751e8b465ee728b)
Start importing Assets/myShader/waterMovemant/waterMovemant.shadersubgraph using Guid(f0155d05b3a791040b252a9778248df8) Importer(815301076,1909f56bfc062723c751e8b465ee728b)  -> (artifact id: 'ebf89accd753c0446112b7bd3410629d') in 0.008113 seconds 
  Import took 0.016096 seconds .

========================================================================
Received Import Request.
  Time since last request: 653.879712 seconds.
  path: Assets/myShader/Formcontrol.mat
  artifactKey: Guid(d02f51464c3325c48a9159785fd27973) Importer(815301076,1909f56bfc062723c751e8b465ee728b)
Start importing Assets/myShader/Formcontrol.mat using Guid(d02f51464c3325c48a9159785fd27973) Importer(815301076,1909f56bfc062723c751e8b465ee728b)  -> (artifact id: '01a048456db53ac97b71462d80847379') in 0.035983 seconds 
  Import took 0.061569 seconds .

========================================================================
Received Import Request.
  Time since last request: 0.000244 seconds.
  path: Assets/myShader/water3movecolor.mat
  artifactKey: Guid(8d7a5a756f811454e99d0c5a92f43372) Importer(815301076,1909f56bfc062723c751e8b465ee728b)
Start importing Assets/myShader/water3movecolor.mat using Guid(8d7a5a756f811454e99d0c5a92f43372) Importer(815301076,1909f56bfc062723c751e8b465ee728b)  -> (artifact id: '99ea637ab69a7f1dbb2ae916529730d3') in 0.031046 seconds 
  Import took 0.038733 seconds .

========================================================================
Received Prepare
Registering precompiled user dll's ...
Registered in 0.004770 seconds.
Begin MonoManager ReloadAssembly
Native extension for WindowsStandalone target not found
Native extension for WebGL target not found
Refreshing native plugins compatible for Editor in 0.68 ms, found 2 plugins.
Preloading 0 native plugins for Editor in 0.00 ms.
Mono: successfully reloaded assembly
- Completed reload, in  1.712 seconds
Domain Reload Profiling:
	ReloadAssembly (1712ms)
		BeginReloadAssembly (257ms)
			ExecutionOrderSort (0ms)
			DisableScriptedObjects (11ms)
			BackupInstance (0ms)
			ReleaseScriptingObjects (0ms)
			CreateAndSetChildDomain (124ms)
		EndReloadAssembly (1352ms)
			LoadAssemblies (159ms)
			RebuildTransferFunctionScriptingTraits (0ms)
			SetupTypeCache (450ms)
			ReleaseScriptCaches (3ms)
			RebuildScriptCaches (73ms)
			SetupLoadedEditorAssemblies (447ms)
				LogAssemblyErrors (0ms)
				InitializePlatformSupportModulesInManaged (7ms)
				SetLoadedEditorAssemblies (1ms)
				RefreshPlugins (1ms)
				BeforeProcessingInitializeOnLoad (89ms)
				ProcessInitializeOnLoadAttributes (327ms)
				ProcessInitializeOnLoadMethodAttributes (11ms)
				AfterProcessingInitializeOnLoad (10ms)
				EditorAssembliesLoaded (0ms)
			ExecutionOrderSort2 (0ms)
			AwakeInstancesAfterBackupRestoration (31ms)
Platform modules already initialized, skipping
Refreshing native plugins compatible for Editor in 0.67 ms, found 2 plugins.
Preloading 0 native plugins for Editor in 0.00 ms.
Unloading 2823 Unused Serialized files (Serialized files now loaded: 0)
System memory in use before: 135.5 MB.
System memory in use after: 135.7 MB.

Unloading 15 unused Assets to reduce memory usage. Loaded Objects now: 3541.
Total: 7.153000 ms (FindLiveObjects: 0.509600 ms CreateObjectMapping: 0.155300 ms MarkObjects: 6.451800 ms  DeleteObjects: 0.033700 ms)

AssetImportParameters requested are different than current active one (requested -> active):
  custom:framework-win-MediaFoundation: 216162199b28c13a410421893ffa2e32 -> 
  custom:video-decoder-ogg-theora: a1e56fd34408186e4bbccfd4996cb3dc -> 
  custom:container-muxer-webm: aa71ff27fc2769a1b78a27578f13a17b -> 
  custom:container-demuxer-webm: 4f35f7cbe854078d1ac9338744f61a02 -> 
  custom:container-demuxer-ogg: 62fdf1f143b41e24485cea50d1cbac27 -> 
  custom:video-encoder-webm-vp8: eb34c28f22e8b96e1ab97ce403110664 -> 
  custom:video-decoder-webm-vp8: 9c59270c3fd7afecdb556c50c9e8de78 -> 
  custom:audio-decoder-ogg-vorbis: bf7c407c2cedff20999df2af8eb42d56 -> 
  custom:audio-encoder-webm-vorbis: bf7c407c2cedff20999df2af8eb42d56 -> 
========================================================================
Received Import Request.
  Time since last request: 479.460268 seconds.
  path: Assets/myShader/3dMod/medea_m_arrebola@Sitting And Pointing.fbx
  artifactKey: Guid(343e256278905ab4aa83ff239b085477) Importer(815301076,1909f56bfc062723c751e8b465ee728b)
Start importing Assets/myShader/3dMod/medea_m_arrebola@Sitting And Pointing.fbx using Guid(343e256278905ab4aa83ff239b085477) Importer(815301076,1909f56bfc062723c751e8b465ee728b)  -> (artifact id: 'aa41e794381dde34ad63fdcfd6c9257b') in 0.963777 seconds 
  Import took 0.984510 seconds .

========================================================================
Received Import Request.
  Time since last request: 138.410479 seconds.
  path: Assets/myShader/3dMod/medea_m_arrebola@Sitting And Pointing.fbx
  artifactKey: Guid(343e256278905ab4aa83ff239b085477) Importer(815301076,1909f56bfc062723c751e8b465ee728b)
Start importing Assets/myShader/3dMod/medea_m_arrebola@Sitting And Pointing.fbx using Guid(343e256278905ab4aa83ff239b085477) Importer(815301076,1909f56bfc062723c751e8b465ee728b)  -> (artifact id: 'f8a183900503ca502707d081d0aad62e') in 0.227576 seconds 
  Import took 0.245920 seconds .

========================================================================
Received Import Request.
  Time since last request: 6.272825 seconds.
  path: Assets/myShader/3dMod/medea_m_arrebola@Sitting And Pointing.fbx
  artifactKey: Guid(343e256278905ab4aa83ff239b085477) Importer(815301076,1909f56bfc062723c751e8b465ee728b)
Start importing Assets/myShader/3dMod/medea_m_arrebola@Sitting And Pointing.fbx using Guid(343e256278905ab4aa83ff239b085477) Importer(815301076,1909f56bfc062723c751e8b465ee728b)  -> (artifact id: '8e76bc4f2ffd7b2e1b11a9c630694121') in 0.051884 seconds 
  Import took 0.081550 seconds .

========================================================================
Received Prepare
Registering precompiled user dll's ...
Registered in 0.004520 seconds.
Begin MonoManager ReloadAssembly
Native extension for WindowsStandalone target not found
Native extension for WebGL target not found
Refreshing native plugins compatible for Editor in 0.71 ms, found 2 plugins.
Preloading 0 native plugins for Editor in 0.00 ms.
Mono: successfully reloaded assembly
- Completed reload, in  1.678 seconds
Domain Reload Profiling:
	ReloadAssembly (1679ms)
		BeginReloadAssembly (173ms)
			ExecutionOrderSort (0ms)
			DisableScriptedObjects (9ms)
			BackupInstance (0ms)
			ReleaseScriptingObjects (0ms)
			CreateAndSetChildDomain (57ms)
		EndReloadAssembly (1399ms)
			LoadAssemblies (134ms)
			RebuildTransferFunctionScriptingTraits (0ms)
			SetupTypeCache (520ms)
			ReleaseScriptCaches (3ms)
			RebuildScriptCaches (63ms)
			SetupLoadedEditorAssemblies (471ms)
				LogAssemblyErrors (0ms)
				InitializePlatformSupportModulesInManaged (8ms)
				SetLoadedEditorAssemblies (1ms)
				RefreshPlugins (1ms)
				BeforeProcessingInitializeOnLoad (94ms)
				ProcessInitializeOnLoadAttributes (345ms)
				ProcessInitializeOnLoadMethodAttributes (12ms)
				AfterProcessingInitializeOnLoad (11ms)
				EditorAssembliesLoaded (0ms)
			ExecutionOrderSort2 (0ms)
			AwakeInstancesAfterBackupRestoration (23ms)
Platform modules already initialized, skipping
Refreshing native plugins compatible for Editor in 0.81 ms, found 2 plugins.
Preloading 0 native plugins for Editor in 0.00 ms.
Unloading 2823 Unused Serialized files (Serialized files now loaded: 0)
System memory in use before: 149.4 MB.
System memory in use after: 149.6 MB.

Unloading 15 unused Assets to reduce memory usage. Loaded Objects now: 3583.
Total: 6.240000 ms (FindLiveObjects: 0.538000 ms CreateObjectMapping: 0.153900 ms MarkObjects: 5.510000 ms  DeleteObjects: 0.036100 ms)

AssetImportParameters requested are different than current active one (requested -> active):
  custom:framework-win-MediaFoundation: 216162199b28c13a410421893ffa2e32 -> 
  custom:video-decoder-ogg-theora: a1e56fd34408186e4bbccfd4996cb3dc -> 
  custom:container-muxer-webm: aa71ff27fc2769a1b78a27578f13a17b -> 
  custom:container-demuxer-webm: 4f35f7cbe854078d1ac9338744f61a02 -> 
  custom:container-demuxer-ogg: 62fdf1f143b41e24485cea50d1cbac27 -> 
  custom:video-encoder-webm-vp8: eb34c28f22e8b96e1ab97ce403110664 -> 
  custom:video-decoder-webm-vp8: 9c59270c3fd7afecdb556c50c9e8de78 -> 
  custom:audio-decoder-ogg-vorbis: bf7c407c2cedff20999df2af8eb42d56 -> 
  custom:audio-encoder-webm-vorbis: bf7c407c2cedff20999df2af8eb42d56 -> 
AssetImportWorkerClient::OnTransportError - code=2 error=End of file
